Exporter version: 6.4.4, Blender version: 2.90.1
========= Conversion from Blender to Babylon.js =========
	Scene settings used :
		Inline textures     :  false
		Material Type       :  PBR
		Positions Precision :  4
		Normals Precision   :  3
		UVs Precision       :  3
		Vert Color Precision:  3
		Mat Weight Precision:  2
		Keep Z-up r-handed  :  no
		Texture directory   :  C:\Users\decem\OneDrive\Desktop\IvyHacks\New-Classroom-Babylon\Assets\Woman\
	Python World class constructor completed
	processing begun of node:  RootNode (gltf orientation matrix)
	processing begun of node:  RootNode (model correction matrix)
	processing begun of node:  Female base.obj.cleaner.materialmerger.gles
	processing begun of mesh:  Mesh_0
		processing begun of material:  material_0
		num positions      :  18610
		num normals        :  18610
		num tangents       :  74440
		num uvs            :  0
		num uvs2           :  0
		num colors         :  0
		num triangles      :  37088
	processing begun of camera (UniversalCamera):  Camera
	processing begun of light (POINT):  Light
========= Writing of JSON file started =========
	writing mesh:  Mesh_0
========= Writing of JSON file completed =========
========= end of processing =========
elapsed time:  0 min, 3.6354 secs
